<?xml version="1.0" encoding="UTF-8"?>
<!-- Generated by org.testng.reporters.JUnitXMLReporter -->
<testsuite ignored="0" hostname="LAPTOP-HO37VHUL" failures="0" tests="5" name="Default test" time="23.448" errors="0" timestamp="2023-10-07T19:26:25 IST">
  <testcase classname="com.ict.testcases.LoginTC" name="check_invalid_login" time="1.152"/>
  <testcase classname="com.ict.testcases.LoginTC" name="check_invalid_loginPwd" time="0.858"/>
  <testcase classname="com.ict.testcases.LoginTC" name="verify_admin_login" time="1.128"/>
  <testcase classname="com.ict.testcases.LoginTC" name="verify_trainer_login" time="1.077"/>
  <testcase classname="com.ict.testcases.LoginTC" name="verify_officer_login" time="1.017"/>
</testsuite> <!-- Default test -->
