<?xml version="1.0" encoding="UTF-8"?>
<testng-results ignored="0" total="39" passed="37" failed="2" skipped="0">
  <reporter-output>
  </reporter-output>
  <suite started-at="2023-10-07T19:30:08 IST" name="Suite" finished-at="2023-10-07T19:34:53 IST" duration-ms="284600">
    <groups>
    </groups>
    <test started-at="2023-10-07T19:30:08 IST" name="Test" finished-at="2023-10-07T19:34:53 IST" duration-ms="284600">
      <class name="com.ict.testcases.LoginTC">
        <test-method is-config="true" signature="initialization()[pri:0, instance:com.ict.testcases.LoginTC@31190526]" started-at="2023-10-07T19:30:08 IST" name="initialization" finished-at="2023-10-07T19:30:12 IST" duration-ms="4364" status="PASS">
          <reporter-output>
          </reporter-output>
        </test-method> <!-- initialization -->
        <test-method is-config="true" signature="tearUp()[pri:0, instance:com.ict.testcases.LoginTC@31190526]" started-at="2023-10-07T19:30:12 IST" name="tearUp" finished-at="2023-10-07T19:30:12 IST" duration-ms="23" status="PASS">
          <reporter-output>
          </reporter-output>
        </test-method> <!-- tearUp -->
        <test-method signature="check_invalid_login()[pri:1, instance:com.ict.testcases.LoginTC@31190526]" started-at="2023-10-07T19:30:12 IST" name="check_invalid_login" finished-at="2023-10-07T19:30:13 IST" duration-ms="1155" status="PASS">
          <reporter-output>
          </reporter-output>
        </test-method> <!-- check_invalid_login -->
        <test-method is-config="true" signature="tearDown()[pri:0, instance:com.ict.testcases.LoginTC@31190526]" started-at="2023-10-07T19:30:13 IST" name="tearDown" finished-at="2023-10-07T19:30:14 IST" duration-ms="167" status="PASS">
          <reporter-output>
          </reporter-output>
        </test-method> <!-- tearDown -->
        <test-method is-config="true" signature="initialization()[pri:0, instance:com.ict.testcases.LoginTC@31190526]" started-at="2023-10-07T19:30:14 IST" name="initialization" finished-at="2023-10-07T19:30:17 IST" duration-ms="3420" status="PASS">
          <reporter-output>
          </reporter-output>
        </test-method> <!-- initialization -->
        <test-method is-config="true" signature="tearUp()[pri:0, instance:com.ict.testcases.LoginTC@31190526]" started-at="2023-10-07T19:30:17 IST" name="tearUp" finished-at="2023-10-07T19:30:17 IST" duration-ms="2" status="PASS">
          <reporter-output>
          </reporter-output>
        </test-method> <!-- tearUp -->
        <test-method signature="check_invalid_loginPwd()[pri:2, instance:com.ict.testcases.LoginTC@31190526]" started-at="2023-10-07T19:30:17 IST" name="check_invalid_loginPwd" finished-at="2023-10-07T19:30:18 IST" duration-ms="905" status="PASS">
          <reporter-output>
          </reporter-output>
        </test-method> <!-- check_invalid_loginPwd -->
        <test-method is-config="true" signature="tearDown()[pri:0, instance:com.ict.testcases.LoginTC@31190526]" started-at="2023-10-07T19:30:18 IST" name="tearDown" finished-at="2023-10-07T19:30:18 IST" duration-ms="141" status="PASS">
          <reporter-output>
          </reporter-output>
        </test-method> <!-- tearDown -->
        <test-method is-config="true" signature="initialization()[pri:0, instance:com.ict.testcases.LoginTC@31190526]" started-at="2023-10-07T19:30:18 IST" name="initialization" finished-at="2023-10-07T19:30:22 IST" duration-ms="3406" status="PASS">
          <reporter-output>
          </reporter-output>
        </test-method> <!-- initialization -->
        <test-method is-config="true" signature="tearUp()[pri:0, instance:com.ict.testcases.LoginTC@31190526]" started-at="2023-10-07T19:30:22 IST" name="tearUp" finished-at="2023-10-07T19:30:22 IST" duration-ms="2" status="PASS">
          <reporter-output>
          </reporter-output>
        </test-method> <!-- tearUp -->
        <test-method signature="verify_admin_login()[pri:3, instance:com.ict.testcases.LoginTC@31190526]" started-at="2023-10-07T19:30:22 IST" name="verify_admin_login" finished-at="2023-10-07T19:30:23 IST" duration-ms="1417" status="PASS">
          <reporter-output>
          </reporter-output>
        </test-method> <!-- verify_admin_login -->
        <test-method is-config="true" signature="tearDown()[pri:0, instance:com.ict.testcases.LoginTC@31190526]" started-at="2023-10-07T19:30:23 IST" name="tearDown" finished-at="2023-10-07T19:30:23 IST" duration-ms="165" status="PASS">
          <reporter-output>
          </reporter-output>
        </test-method> <!-- tearDown -->
        <test-method is-config="true" signature="initialization()[pri:0, instance:com.ict.testcases.LoginTC@31190526]" started-at="2023-10-07T19:30:23 IST" name="initialization" finished-at="2023-10-07T19:30:27 IST" duration-ms="3458" status="PASS">
          <reporter-output>
          </reporter-output>
        </test-method> <!-- initialization -->
        <test-method is-config="true" signature="tearUp()[pri:0, instance:com.ict.testcases.LoginTC@31190526]" started-at="2023-10-07T19:30:27 IST" name="tearUp" finished-at="2023-10-07T19:30:27 IST" duration-ms="1" status="PASS">
          <reporter-output>
          </reporter-output>
        </test-method> <!-- tearUp -->
        <test-method signature="verify_trainer_login()[pri:4, instance:com.ict.testcases.LoginTC@31190526]" started-at="2023-10-07T19:30:27 IST" name="verify_trainer_login" finished-at="2023-10-07T19:30:28 IST" duration-ms="949" status="PASS">
          <reporter-output>
          </reporter-output>
        </test-method> <!-- verify_trainer_login -->
        <test-method is-config="true" signature="tearDown()[pri:0, instance:com.ict.testcases.LoginTC@31190526]" started-at="2023-10-07T19:30:28 IST" name="tearDown" finished-at="2023-10-07T19:30:28 IST" duration-ms="185" status="PASS">
          <reporter-output>
          </reporter-output>
        </test-method> <!-- tearDown -->
        <test-method is-config="true" signature="initialization()[pri:0, instance:com.ict.testcases.LoginTC@31190526]" started-at="2023-10-07T19:30:28 IST" name="initialization" finished-at="2023-10-07T19:30:31 IST" duration-ms="3416" status="PASS">
          <reporter-output>
          </reporter-output>
        </test-method> <!-- initialization -->
        <test-method is-config="true" signature="tearUp()[pri:0, instance:com.ict.testcases.LoginTC@31190526]" started-at="2023-10-07T19:30:31 IST" name="tearUp" finished-at="2023-10-07T19:30:31 IST" duration-ms="1" status="PASS">
          <reporter-output>
          </reporter-output>
        </test-method> <!-- tearUp -->
        <test-method signature="verify_officer_login()[pri:5, instance:com.ict.testcases.LoginTC@31190526]" started-at="2023-10-07T19:30:31 IST" name="verify_officer_login" finished-at="2023-10-07T19:30:32 IST" duration-ms="971" status="PASS">
          <reporter-output>
          </reporter-output>
        </test-method> <!-- verify_officer_login -->
        <test-method is-config="true" signature="tearDown()[pri:0, instance:com.ict.testcases.LoginTC@31190526]" started-at="2023-10-07T19:30:32 IST" name="tearDown" finished-at="2023-10-07T19:30:32 IST" duration-ms="124" status="PASS">
          <reporter-output>
          </reporter-output>
        </test-method> <!-- tearDown -->
        <test-method is-config="true" signature="TearDown()[pri:0, instance:com.ict.testcases.LoginTC@31190526]" started-at="2023-10-07T19:34:53 IST" name="TearDown" finished-at="2023-10-07T19:34:53 IST" duration-ms="0" status="PASS">
          <reporter-output>
          </reporter-output>
        </test-method> <!-- TearDown -->
      </class> <!-- com.ict.testcases.LoginTC -->
      <class name="com.ict.testcases.PlOfficer_TC">
        <test-method is-config="true" signature="initialization()[pri:0, instance:com.ict.testcases.PlOfficer_TC@4e08711f]" started-at="2023-10-07T19:34:13 IST" name="initialization" finished-at="2023-10-07T19:34:16 IST" duration-ms="3434" status="PASS">
          <reporter-output>
          </reporter-output>
        </test-method> <!-- initialization -->
        <test-method is-config="true" signature="tearUp()[pri:0, instance:com.ict.testcases.PlOfficer_TC@4e08711f]" started-at="2023-10-07T19:34:16 IST" name="tearUp" finished-at="2023-10-07T19:34:16 IST" duration-ms="263" status="PASS">
          <reporter-output>
          </reporter-output>
        </test-method> <!-- tearUp -->
        <test-method signature="show_learners()[pri:1, instance:com.ict.testcases.PlOfficer_TC@4e08711f]" started-at="2023-10-07T19:34:16 IST" name="show_learners" finished-at="2023-10-07T19:34:19 IST" duration-ms="2926" status="PASS">
          <reporter-output>
          </reporter-output>
        </test-method> <!-- show_learners -->
        <test-method is-config="true" signature="tearDown()[pri:0, instance:com.ict.testcases.PlOfficer_TC@4e08711f]" started-at="2023-10-07T19:34:19 IST" name="tearDown" finished-at="2023-10-07T19:34:19 IST" duration-ms="171" status="PASS">
          <reporter-output>
          </reporter-output>
        </test-method> <!-- tearDown -->
        <test-method is-config="true" signature="initialization()[pri:0, instance:com.ict.testcases.PlOfficer_TC@4e08711f]" started-at="2023-10-07T19:34:19 IST" name="initialization" finished-at="2023-10-07T19:34:23 IST" duration-ms="3373" status="PASS">
          <reporter-output>
          </reporter-output>
        </test-method> <!-- initialization -->
        <test-method is-config="true" signature="tearUp()[pri:0, instance:com.ict.testcases.PlOfficer_TC@4e08711f]" started-at="2023-10-07T19:34:23 IST" name="tearUp" finished-at="2023-10-07T19:34:23 IST" duration-ms="258" status="PASS">
          <reporter-output>
          </reporter-output>
        </test-method> <!-- tearUp -->
        <test-method signature="edit_lrnr_status()[pri:2, instance:com.ict.testcases.PlOfficer_TC@4e08711f]" started-at="2023-10-07T19:34:23 IST" name="edit_lrnr_status" finished-at="2023-10-07T19:34:27 IST" duration-ms="3415" status="PASS">
          <reporter-output>
          </reporter-output>
        </test-method> <!-- edit_lrnr_status -->
        <test-method is-config="true" signature="tearDown()[pri:0, instance:com.ict.testcases.PlOfficer_TC@4e08711f]" started-at="2023-10-07T19:34:27 IST" name="tearDown" finished-at="2023-10-07T19:34:27 IST" duration-ms="155" status="PASS">
          <reporter-output>
          </reporter-output>
        </test-method> <!-- tearDown -->
        <test-method is-config="true" signature="initialization()[pri:0, instance:com.ict.testcases.PlOfficer_TC@4e08711f]" started-at="2023-10-07T19:34:27 IST" name="initialization" finished-at="2023-10-07T19:34:30 IST" duration-ms="3302" status="PASS">
          <reporter-output>
          </reporter-output>
        </test-method> <!-- initialization -->
        <test-method is-config="true" signature="tearUp()[pri:0, instance:com.ict.testcases.PlOfficer_TC@4e08711f]" started-at="2023-10-07T19:34:30 IST" name="tearUp" finished-at="2023-10-07T19:34:30 IST" duration-ms="261" status="PASS">
          <reporter-output>
          </reporter-output>
        </test-method> <!-- tearUp -->
        <test-method signature="edit_lrnr_stat_invalid()[pri:3, instance:com.ict.testcases.PlOfficer_TC@4e08711f]" started-at="2023-10-07T19:34:30 IST" name="edit_lrnr_stat_invalid" finished-at="2023-10-07T19:34:33 IST" duration-ms="2346" status="FAIL">
          <exception class="java.lang.AssertionError">
            <message>
              <![CDATA[did not expect [-Select-] but found [-Select-]]]>
            </message>
            <full-stacktrace>
              <![CDATA[java.lang.AssertionError: did not expect [-Select-] but found [-Select-]
at org.testng.Assert.fail(Assert.java:111)
at org.testng.Assert.failEquals(Assert.java:1582)
at org.testng.Assert.assertNotEqualsImpl(Assert.java:157)
at org.testng.Assert.assertNotEquals(Assert.java:2198)
at org.testng.Assert.assertNotEquals(Assert.java:2220)
at com.ict.testcases.PlOfficer_TC.edit_lrnr_stat_invalid(PlOfficer_TC.java:96)
at java.base/jdk.internal.reflect.NativeMethodAccessorImpl.invoke0(Native Method)
at java.base/jdk.internal.reflect.NativeMethodAccessorImpl.invoke(NativeMethodAccessorImpl.java:77)
at java.base/jdk.internal.reflect.DelegatingMethodAccessorImpl.invoke(DelegatingMethodAccessorImpl.java:43)
at java.base/java.lang.reflect.Method.invoke(Method.java:568)
at org.testng.internal.invokers.MethodInvocationHelper.invokeMethod(MethodInvocationHelper.java:139)
at org.testng.internal.invokers.TestInvoker.invokeMethod(TestInvoker.java:664)
at org.testng.internal.invokers.TestInvoker.invokeTestMethod(TestInvoker.java:227)
at org.testng.internal.invokers.MethodRunner.runInSequence(MethodRunner.java:50)
at org.testng.internal.invokers.TestInvoker$MethodInvocationAgent.invoke(TestInvoker.java:957)
at org.testng.internal.invokers.TestInvoker.invokeTestMethods(TestInvoker.java:200)
at org.testng.internal.invokers.TestMethodWorker.invokeTestMethods(TestMethodWorker.java:148)
at org.testng.internal.invokers.TestMethodWorker.run(TestMethodWorker.java:128)
at java.base/java.util.ArrayList.forEach(ArrayList.java:1511)
at org.testng.TestRunner.privateRun(TestRunner.java:848)
at org.testng.TestRunner.run(TestRunner.java:621)
at org.testng.SuiteRunner.runTest(SuiteRunner.java:443)
at org.testng.SuiteRunner.runSequentially(SuiteRunner.java:437)
at org.testng.SuiteRunner.privateRun(SuiteRunner.java:397)
at org.testng.SuiteRunner.run(SuiteRunner.java:336)
at org.testng.SuiteRunnerWorker.runSuite(SuiteRunnerWorker.java:52)
at org.testng.SuiteRunnerWorker.run(SuiteRunnerWorker.java:95)
at org.testng.TestNG.runSuitesSequentially(TestNG.java:1280)
at org.testng.TestNG.runSuitesLocally(TestNG.java:1200)
at org.testng.TestNG.runSuites(TestNG.java:1114)
at org.testng.TestNG.run(TestNG.java:1082)
at org.testng.remote.AbstractRemoteTestNG.run(AbstractRemoteTestNG.java:115)
at org.testng.remote.RemoteTestNG.initAndRun(RemoteTestNG.java:251)
at org.testng.remote.RemoteTestNG.main(RemoteTestNG.java:77)
]]>
            </full-stacktrace>
          </exception> <!-- java.lang.AssertionError -->
          <reporter-output>
          </reporter-output>
        </test-method> <!-- edit_lrnr_stat_invalid -->
        <test-method is-config="true" signature="tearDown()[pri:0, instance:com.ict.testcases.PlOfficer_TC@4e08711f]" started-at="2023-10-07T19:34:33 IST" name="tearDown" finished-at="2023-10-07T19:34:33 IST" duration-ms="170" status="PASS">
          <reporter-output>
          </reporter-output>
        </test-method> <!-- tearDown -->
        <test-method is-config="true" signature="initialization()[pri:0, instance:com.ict.testcases.PlOfficer_TC@4e08711f]" started-at="2023-10-07T19:34:33 IST" name="initialization" finished-at="2023-10-07T19:34:36 IST" duration-ms="3408" status="PASS">
          <reporter-output>
          </reporter-output>
        </test-method> <!-- initialization -->
        <test-method is-config="true" signature="tearUp()[pri:0, instance:com.ict.testcases.PlOfficer_TC@4e08711f]" started-at="2023-10-07T19:34:36 IST" name="tearUp" finished-at="2023-10-07T19:34:36 IST" duration-ms="267" status="PASS">
          <reporter-output>
          </reporter-output>
        </test-method> <!-- tearUp -->
        <test-method signature="check_previous_btn()[pri:4, instance:com.ict.testcases.PlOfficer_TC@4e08711f]" started-at="2023-10-07T19:34:36 IST" name="check_previous_btn" finished-at="2023-10-07T19:34:40 IST" duration-ms="4033" status="PASS">
          <reporter-output>
          </reporter-output>
        </test-method> <!-- check_previous_btn -->
        <test-method is-config="true" signature="tearDown()[pri:0, instance:com.ict.testcases.PlOfficer_TC@4e08711f]" started-at="2023-10-07T19:34:40 IST" name="tearDown" finished-at="2023-10-07T19:34:41 IST" duration-ms="175" status="PASS">
          <reporter-output>
          </reporter-output>
        </test-method> <!-- tearDown -->
        <test-method is-config="true" signature="initialization()[pri:0, instance:com.ict.testcases.PlOfficer_TC@4e08711f]" started-at="2023-10-07T19:34:41 IST" name="initialization" finished-at="2023-10-07T19:34:44 IST" duration-ms="3370" status="PASS">
          <reporter-output>
          </reporter-output>
        </test-method> <!-- initialization -->
        <test-method is-config="true" signature="tearUp()[pri:0, instance:com.ict.testcases.PlOfficer_TC@4e08711f]" started-at="2023-10-07T19:34:44 IST" name="tearUp" finished-at="2023-10-07T19:34:44 IST" duration-ms="256" status="PASS">
          <reporter-output>
          </reporter-output>
        </test-method> <!-- tearUp -->
        <test-method signature="logout()[pri:5, instance:com.ict.testcases.PlOfficer_TC@4e08711f]" started-at="2023-10-07T19:34:44 IST" name="logout" finished-at="2023-10-07T19:34:52 IST" duration-ms="8079" status="FAIL">
          <exception class="org.openqa.selenium.json.JsonException">
            <message>
              <![CDATA[java.lang.reflect.InvocationTargetException
Build info: version: '4.8.3', revision: 'e5e76298c3'
System info: os.name: 'Windows 11', os.arch: 'amd64', os.version: '10.0', java.version: '17.0.6'
Driver info: org.openqa.selenium.edge.EdgeDriver
Command: [81f7da13a98f0ccb74e2a4838ccbc471, actions {actions=[org.openqa.selenium.interactions.Sequence@1ced1fb9]}]
Capabilities {acceptInsecureCerts: false, browserName: msedge, browserVersion: 117.0.2045.47, fedcm:accounts: true, ms:edgeOptions: {debuggerAddress: localhost:49785}, msedge: {msedgedriverVersion: 117.0.2045.55 (50f62b8a7655..., userDataDir: C:\Users\91944\AppData\Loca...}, networkConnectionEnabled: false, pageLoadStrategy: normal, platformName: WINDOWS, proxy: Proxy(), se:cdp: ws://localhost:49785/devtoo..., se:cdpVersion: 117.0.2045.47, setWindowRect: true, strictFileInteractability: false, timeouts: {implicit: 0, pageLoad: 300000, script: 30000}, unhandledPromptBehavior: dismiss and notify, webauthn:extension:credBlob: true, webauthn:extension:largeBlob: true, webauthn:extension:minPinLength: true, webauthn:extension:prf: true, webauthn:virtualAuthenticators: true}
Session ID: 81f7da13a98f0ccb74e2a4838ccbc471]]>
            </message>
            <full-stacktrace>
              <![CDATA[org.openqa.selenium.json.JsonException: java.lang.reflect.InvocationTargetException
Build info: version: '4.8.3', revision: 'e5e76298c3'
System info: os.name: 'Windows 11', os.arch: 'amd64', os.version: '10.0', java.version: '17.0.6'
Driver info: org.openqa.selenium.edge.EdgeDriver
Command: [81f7da13a98f0ccb74e2a4838ccbc471, actions {actions=[org.openqa.selenium.interactions.Sequence@1ced1fb9]}]
Capabilities {acceptInsecureCerts: false, browserName: msedge, browserVersion: 117.0.2045.47, fedcm:accounts: true, ms:edgeOptions: {debuggerAddress: localhost:49785}, msedge: {msedgedriverVersion: 117.0.2045.55 (50f62b8a7655..., userDataDir: C:\Users\91944\AppData\Loca...}, networkConnectionEnabled: false, pageLoadStrategy: normal, platformName: WINDOWS, proxy: Proxy(), se:cdp: ws://localhost:49785/devtoo..., se:cdpVersion: 117.0.2045.47, setWindowRect: true, strictFileInteractability: false, timeouts: {implicit: 0, pageLoad: 300000, script: 30000}, unhandledPromptBehavior: dismiss and notify, webauthn:extension:credBlob: true, webauthn:extension:largeBlob: true, webauthn:extension:minPinLength: true, webauthn:extension:prf: true, webauthn:virtualAuthenticators: true}
Session ID: 81f7da13a98f0ccb74e2a4838ccbc471
at org.openqa.selenium.json.JsonOutput.convertUsingMethod(JsonOutput.java:362)
at org.openqa.selenium.json.JsonOutput.lambda$new$16(JsonOutput.java:154)
at org.openqa.selenium.json.JsonOutput.write(JsonOutput.java:287)
at org.openqa.selenium.json.JsonOutput.lambda$new$22(JsonOutput.java:169)
at java.base/java.util.stream.ForEachOps$ForEachOp$OfRef.accept(ForEachOps.java:183)
at java.base/java.util.stream.ReferencePipeline$2$1.accept(ReferencePipeline.java:179)
at java.base/java.util.Iterator.forEachRemaining(Iterator.java:133)
at java.base/java.util.Spliterators$IteratorSpliterator.forEachRemaining(Spliterators.java:1845)
at java.base/java.util.stream.AbstractPipeline.copyInto(AbstractPipeline.java:509)
at java.base/java.util.stream.AbstractPipeline.wrapAndCopyInto(AbstractPipeline.java:499)
at java.base/java.util.stream.ForEachOps$ForEachOp.evaluateSequential(ForEachOps.java:150)
at java.base/java.util.stream.ForEachOps$ForEachOp$OfRef.evaluateSequential(ForEachOps.java:173)
at java.base/java.util.stream.AbstractPipeline.evaluate(AbstractPipeline.java:234)
at java.base/java.util.stream.ReferencePipeline.forEach(ReferencePipeline.java:596)
at org.openqa.selenium.json.JsonOutput.lambda$new$23(JsonOutput.java:169)
at org.openqa.selenium.json.JsonOutput.write(JsonOutput.java:287)
at org.openqa.selenium.json.JsonOutput.lambda$new$24(JsonOutput.java:182)
at com.google.common.collect.SingletonImmutableBiMap.forEach(SingletonImmutableBiMap.java:68)
at org.openqa.selenium.json.JsonOutput.lambda$new$25(JsonOutput.java:177)
at org.openqa.selenium.json.JsonOutput.write(JsonOutput.java:287)
at org.openqa.selenium.json.JsonOutput.write(JsonOutput.java:278)
at org.openqa.selenium.json.Json.toJson(Json.java:42)
at org.openqa.selenium.remote.codec.AbstractHttpCommandCodec.encode(AbstractHttpCommandCodec.java:259)
at org.openqa.selenium.remote.codec.AbstractHttpCommandCodec.encode(AbstractHttpCommandCodec.java:122)
at org.openqa.selenium.remote.HttpCommandExecutor.execute(HttpCommandExecutor.java:181)
at org.openqa.selenium.remote.service.DriverCommandExecutor.invokeExecute(DriverCommandExecutor.java:183)
at org.openqa.selenium.remote.service.DriverCommandExecutor.execute(DriverCommandExecutor.java:158)
at org.openqa.selenium.remote.RemoteWebDriver.execute(RemoteWebDriver.java:543)
at org.openqa.selenium.remote.RemoteWebDriver.perform(RemoteWebDriver.java:611)
at org.openqa.selenium.interactions.Actions$BuiltAction.perform(Actions.java:567)
at org.openqa.selenium.interactions.Actions.perform(Actions.java:536)
at org.ict.pages.PlOfficer.log_out(PlOfficer.java:119)
at com.ict.testcases.PlOfficer_TC.logout(PlOfficer_TC.java:120)
at java.base/jdk.internal.reflect.NativeMethodAccessorImpl.invoke0(Native Method)
at java.base/jdk.internal.reflect.NativeMethodAccessorImpl.invoke(NativeMethodAccessorImpl.java:77)
at java.base/jdk.internal.reflect.DelegatingMethodAccessorImpl.invoke(DelegatingMethodAccessorImpl.java:43)
at java.base/java.lang.reflect.Method.invoke(Method.java:568)
at org.testng.internal.invokers.MethodInvocationHelper.invokeMethod(MethodInvocationHelper.java:139)
at org.testng.internal.invokers.TestInvoker.invokeMethod(TestInvoker.java:664)
at org.testng.internal.invokers.TestInvoker.invokeTestMethod(TestInvoker.java:227)
at org.testng.internal.invokers.MethodRunner.runInSequence(MethodRunner.java:50)
at org.testng.internal.invokers.TestInvoker$MethodInvocationAgent.invoke(TestInvoker.java:957)
at org.testng.internal.invokers.TestInvoker.invokeTestMethods(TestInvoker.java:200)
at org.testng.internal.invokers.TestMethodWorker.invokeTestMethods(TestMethodWorker.java:148)
at org.testng.internal.invokers.TestMethodWorker.run(TestMethodWorker.java:128)
at java.base/java.util.ArrayList.forEach(ArrayList.java:1511)
at org.testng.TestRunner.privateRun(TestRunner.java:848)
at org.testng.TestRunner.run(TestRunner.java:621)
at org.testng.SuiteRunner.runTest(SuiteRunner.java:443)
at org.testng.SuiteRunner.runSequentially(SuiteRunner.java:437)
at org.testng.SuiteRunner.privateRun(SuiteRunner.java:397)
at org.testng.SuiteRunner.run(SuiteRunner.java:336)
at org.testng.SuiteRunnerWorker.runSuite(SuiteRunnerWorker.java:52)
at org.testng.SuiteRunnerWorker.run(SuiteRunnerWorker.java:95)
at org.testng.TestNG.runSuitesSequentially(TestNG.java:1280)
at org.testng.TestNG.runSuitesLocally(TestNG.java:1200)
at org.testng.TestNG.runSuites(TestNG.java:1114)
at org.testng.TestNG.run(TestNG.java:1082)
at org.testng.remote.AbstractRemoteTestNG.run(AbstractRemoteTestNG.java:115)
at org.testng.remote.RemoteTestNG.initAndRun(RemoteTestNG.java:251)
at org.testng.remote.RemoteTestNG.main(RemoteTestNG.java:77)
Suppressed: org.openqa.selenium.json.JsonException: Attempting to close incomplete json stream
Build info: version: '4.8.3', revision: 'e5e76298c3'
System info: os.name: 'Windows 11', os.arch: 'amd64', os.version: '10.0', java.version: '17.0.6'
Driver info: driver.version: RemoteWebDriver
at org.openqa.selenium.json.JsonOutput.close(JsonOutput.java:303)
at org.openqa.selenium.json.Json.toJson(Json.java:40)
... 39 more
Caused by: java.lang.reflect.InvocationTargetException
at java.base/jdk.internal.reflect.NativeMethodAccessorImpl.invoke0(Native Method)
at java.base/jdk.internal.reflect.NativeMethodAccessorImpl.invoke(NativeMethodAccessorImpl.java:77)
at java.base/jdk.internal.reflect.DelegatingMethodAccessorImpl.invoke(DelegatingMethodAccessorImpl.java:43)
at java.base/java.lang.reflect.Method.invoke(Method.java:568)
at org.openqa.selenium.json.JsonOutput.convertUsingMethod(JsonOutput.java:358)
... 60 more
Caused by: org.openqa.selenium.NoSuchElementException: no such element: Unable to locate element: {"method":"css selector","selector":"#basic\-nav\-dropdown"}
  (Session info: MicrosoftEdge=117.0.2045.47)
For documentation on this error, please visit: https://selenium.dev/exceptions/#no_such_element
Build info: version: '4.8.3', revision: 'e5e76298c3'
System info: os.name: 'Windows 11', os.arch: 'amd64', os.version: '10.0', java.version: '17.0.6'
Driver info: org.openqa.selenium.edge.EdgeDriver
Command: [81f7da13a98f0ccb74e2a4838ccbc471, findElement {using=id, value=basic-nav-dropdown}]
Capabilities {acceptInsecureCerts: false, browserName: msedge, browserVersion: 117.0.2045.47, fedcm:accounts: true, ms:edgeOptions: {debuggerAddress: localhost:49785}, msedge: {msedgedriverVersion: 117.0.2045.55 (50f62b8a7655..., userDataDir: C:\Users\91944\AppData\Loca...}, networkConnectionEnabled: false, pageLoadStrategy: normal, platformName: WINDOWS, proxy: Proxy(), se:cdp: ws://localhost:49785/devtoo..., se:cdpVersion: 117.0.2045.47, setWindowRect: true, strictFileInteractability: false, timeouts: {implicit: 0, pageLoad: 300000, script: 30000}, unhandledPromptBehavior: dismiss and notify, webauthn:extension:credBlob: true, webauthn:extension:largeBlob: true, webauthn:extension:minPinLength: true, webauthn:extension:prf: true, webauthn:virtualAuthenticators: true}
Session ID: 81f7da13a98f0ccb74e2a4838ccbc471
at java.base/jdk.internal.reflect.NativeConstructorAccessorImpl.newInstance0(Native Method)
at java.base/jdk.internal.reflect.NativeConstructorAccessorImpl.newInstance(NativeConstructorAccessorImpl.java:77)
at java.base/jdk.internal.reflect.DelegatingConstructorAccessorImpl.newInstance(DelegatingConstructorAccessorImpl.java:45)
at java.base/java.lang.reflect.Constructor.newInstanceWithCaller(Constructor.java:499)
at java.base/java.lang.reflect.Constructor.newInstance(Constructor.java:480)
at org.openqa.selenium.remote.codec.w3c.W3CHttpResponseCodec.createException(W3CHttpResponseCodec.java:200)
at org.openqa.selenium.remote.codec.w3c.W3CHttpResponseCodec.decode(W3CHttpResponseCodec.java:133)
at org.openqa.selenium.remote.codec.w3c.W3CHttpResponseCodec.decode(W3CHttpResponseCodec.java:53)
at org.openqa.selenium.remote.HttpCommandExecutor.execute(HttpCommandExecutor.java:193)
at org.openqa.selenium.remote.service.DriverCommandExecutor.invokeExecute(DriverCommandExecutor.java:183)
at org.openqa.selenium.remote.service.DriverCommandExecutor.execute(DriverCommandExecutor.java:158)
at org.openqa.selenium.remote.RemoteWebDriver.execute(RemoteWebDriver.java:543)
at org.openqa.selenium.remote.ElementLocation$ElementFinder$2.findElement(ElementLocation.java:162)
at org.openqa.selenium.remote.ElementLocation.findElement(ElementLocation.java:60)
at org.openqa.selenium.remote.RemoteWebDriver.findElement(RemoteWebDriver.java:352)
at org.openqa.selenium.remote.RemoteWebDriver.findElement(RemoteWebDriver.java:344)
at org.openqa.selenium.support.pagefactory.DefaultElementLocator.findElement(DefaultElementLocator.java:70)
at org.openqa.selenium.support.pagefactory.internal.LocatingElementHandler.invoke(LocatingElementHandler.java:39)
at jdk.proxy2/jdk.proxy2.$Proxy17.getWrappedElement(Unknown Source)
at org.openqa.selenium.interactions.PointerInput$Origin.asArg(PointerInput.java:269)
at org.openqa.selenium.interactions.PointerInput$Move.encode(PointerInput.java:218)
at org.openqa.selenium.interactions.Sequence.encode(Sequence.java:73)
at org.openqa.selenium.interactions.Sequence.toJson(Sequence.java:82)
... 65 more
]]>
            </full-stacktrace>
          </exception> <!-- org.openqa.selenium.json.JsonException -->
          <reporter-output>
          </reporter-output>
        </test-method> <!-- logout -->
        <test-method is-config="true" signature="tearDown()[pri:0, instance:com.ict.testcases.PlOfficer_TC@4e08711f]" started-at="2023-10-07T19:34:52 IST" name="tearDown" finished-at="2023-10-07T19:34:53 IST" duration-ms="135" status="PASS">
          <reporter-output>
          </reporter-output>
        </test-method> <!-- tearDown -->
      </class> <!-- com.ict.testcases.PlOfficer_TC -->
      <class name="com.ict.testcases.Trainer_TC">
        <test-method is-config="true" signature="initialization()[pri:0, instance:com.ict.testcases.Trainer_TC@4b2bac3f]" started-at="2023-10-07T19:32:46 IST" name="initialization" finished-at="2023-10-07T19:32:49 IST" duration-ms="3401" status="PASS">
          <reporter-output>
          </reporter-output>
        </test-method> <!-- initialization -->
        <test-method is-config="true" signature="tearUp()[pri:0, instance:com.ict.testcases.Trainer_TC@4b2bac3f]" started-at="2023-10-07T19:32:49 IST" name="tearUp" finished-at="2023-10-07T19:32:49 IST" duration-ms="242" status="PASS">
          <reporter-output>
          </reporter-output>
        </test-method> <!-- tearUp -->
        <test-method signature="show_learners()[pri:1, instance:com.ict.testcases.Trainer_TC@4b2bac3f]" started-at="2023-10-07T19:32:49 IST" name="show_learners" finished-at="2023-10-07T19:32:51 IST" duration-ms="1818" status="PASS">
          <reporter-output>
          </reporter-output>
        </test-method> <!-- show_learners -->
        <test-method is-config="true" signature="tearDown()[pri:0, instance:com.ict.testcases.Trainer_TC@4b2bac3f]" started-at="2023-10-07T19:32:51 IST" name="tearDown" finished-at="2023-10-07T19:32:51 IST" duration-ms="194" status="PASS">
          <reporter-output>
          </reporter-output>
        </test-method> <!-- tearDown -->
        <test-method is-config="true" signature="initialization()[pri:0, instance:com.ict.testcases.Trainer_TC@4b2bac3f]" started-at="2023-10-07T19:32:51 IST" name="initialization" finished-at="2023-10-07T19:32:55 IST" duration-ms="3381" status="PASS">
          <reporter-output>
          </reporter-output>
        </test-method> <!-- initialization -->
        <test-method is-config="true" signature="tearUp()[pri:0, instance:com.ict.testcases.Trainer_TC@4b2bac3f]" started-at="2023-10-07T19:32:55 IST" name="tearUp" finished-at="2023-10-07T19:32:55 IST" duration-ms="244" status="PASS">
          <reporter-output>
          </reporter-output>
        </test-method> <!-- tearUp -->
        <test-method signature="add_new_learner()[pri:2, instance:com.ict.testcases.Trainer_TC@4b2bac3f]" started-at="2023-10-07T19:32:55 IST" name="add_new_learner" finished-at="2023-10-07T19:32:57 IST" duration-ms="1854" status="PASS">
          <reporter-output>
          </reporter-output>
        </test-method> <!-- add_new_learner -->
        <test-method is-config="true" signature="tearDown()[pri:0, instance:com.ict.testcases.Trainer_TC@4b2bac3f]" started-at="2023-10-07T19:32:57 IST" name="tearDown" finished-at="2023-10-07T19:32:57 IST" duration-ms="164" status="PASS">
          <reporter-output>
          </reporter-output>
        </test-method> <!-- tearDown -->
        <test-method is-config="true" signature="initialization()[pri:0, instance:com.ict.testcases.Trainer_TC@4b2bac3f]" started-at="2023-10-07T19:32:57 IST" name="initialization" finished-at="2023-10-07T19:33:00 IST" duration-ms="3406" status="PASS">
          <reporter-output>
          </reporter-output>
        </test-method> <!-- initialization -->
        <test-method is-config="true" signature="tearUp()[pri:0, instance:com.ict.testcases.Trainer_TC@4b2bac3f]" started-at="2023-10-07T19:33:00 IST" name="tearUp" finished-at="2023-10-07T19:33:01 IST" duration-ms="244" status="PASS">
          <reporter-output>
          </reporter-output>
        </test-method> <!-- tearUp -->
        <test-method signature="add_new_learnr()[pri:3, instance:com.ict.testcases.Trainer_TC@4b2bac3f]" started-at="2023-10-07T19:33:01 IST" name="add_new_learnr" finished-at="2023-10-07T19:33:02 IST" duration-ms="1199" status="PASS">
          <reporter-output>
          </reporter-output>
        </test-method> <!-- add_new_learnr -->
        <test-method is-config="true" signature="tearDown()[pri:0, instance:com.ict.testcases.Trainer_TC@4b2bac3f]" started-at="2023-10-07T19:33:02 IST" name="tearDown" finished-at="2023-10-07T19:33:02 IST" duration-ms="140" status="PASS">
          <reporter-output>
          </reporter-output>
        </test-method> <!-- tearDown -->
        <test-method is-config="true" signature="initialization()[pri:0, instance:com.ict.testcases.Trainer_TC@4b2bac3f]" started-at="2023-10-07T19:33:02 IST" name="initialization" finished-at="2023-10-07T19:33:05 IST" duration-ms="3405" status="PASS">
          <reporter-output>
          </reporter-output>
        </test-method> <!-- initialization -->
        <test-method is-config="true" signature="tearUp()[pri:0, instance:com.ict.testcases.Trainer_TC@4b2bac3f]" started-at="2023-10-07T19:33:05 IST" name="tearUp" finished-at="2023-10-07T19:33:06 IST" duration-ms="237" status="PASS">
          <reporter-output>
          </reporter-output>
        </test-method> <!-- tearUp -->
        <test-method signature="go_to_upload_page()[pri:4, instance:com.ict.testcases.Trainer_TC@4b2bac3f]" started-at="2023-10-07T19:33:06 IST" name="go_to_upload_page" finished-at="2023-10-07T19:33:06 IST" duration-ms="753" status="PASS">
          <reporter-output>
          </reporter-output>
        </test-method> <!-- go_to_upload_page -->
        <test-method is-config="true" signature="tearDown()[pri:0, instance:com.ict.testcases.Trainer_TC@4b2bac3f]" started-at="2023-10-07T19:33:06 IST" name="tearDown" finished-at="2023-10-07T19:33:06 IST" duration-ms="140" status="PASS">
          <reporter-output>
          </reporter-output>
        </test-method> <!-- tearDown -->
        <test-method is-config="true" signature="initialization()[pri:0, instance:com.ict.testcases.Trainer_TC@4b2bac3f]" started-at="2023-10-07T19:33:06 IST" name="initialization" finished-at="2023-10-07T19:33:10 IST" duration-ms="3450" status="PASS">
          <reporter-output>
          </reporter-output>
        </test-method> <!-- initialization -->
        <test-method is-config="true" signature="tearUp()[pri:0, instance:com.ict.testcases.Trainer_TC@4b2bac3f]" started-at="2023-10-07T19:33:10 IST" name="tearUp" finished-at="2023-10-07T19:33:10 IST" duration-ms="222" status="PASS">
          <reporter-output>
          </reporter-output>
        </test-method> <!-- tearUp -->
        <test-method signature="choose_csv_file()[pri:5, instance:com.ict.testcases.Trainer_TC@4b2bac3f]" started-at="2023-10-07T19:33:10 IST" name="choose_csv_file" finished-at="2023-10-07T19:33:12 IST" duration-ms="2236" status="PASS">
          <reporter-output>
          </reporter-output>
        </test-method> <!-- choose_csv_file -->
        <test-method is-config="true" signature="tearDown()[pri:0, instance:com.ict.testcases.Trainer_TC@4b2bac3f]" started-at="2023-10-07T19:33:12 IST" name="tearDown" finished-at="2023-10-07T19:33:13 IST" duration-ms="161" status="PASS">
          <reporter-output>
          </reporter-output>
        </test-method> <!-- tearDown -->
        <test-method is-config="true" signature="initialization()[pri:0, instance:com.ict.testcases.Trainer_TC@4b2bac3f]" started-at="2023-10-07T19:33:13 IST" name="initialization" finished-at="2023-10-07T19:33:16 IST" duration-ms="3413" status="PASS">
          <reporter-output>
          </reporter-output>
        </test-method> <!-- initialization -->
        <test-method is-config="true" signature="tearUp()[pri:0, instance:com.ict.testcases.Trainer_TC@4b2bac3f]" started-at="2023-10-07T19:33:16 IST" name="tearUp" finished-at="2023-10-07T19:33:16 IST" duration-ms="236" status="PASS">
          <reporter-output>
          </reporter-output>
        </test-method> <!-- tearUp -->
        <test-method signature="check_blank_upload()[pri:6, instance:com.ict.testcases.Trainer_TC@4b2bac3f]" started-at="2023-10-07T19:33:16 IST" name="check_blank_upload" finished-at="2023-10-07T19:33:19 IST" duration-ms="2640" status="PASS">
          <reporter-output>
          </reporter-output>
        </test-method> <!-- check_blank_upload -->
        <test-method is-config="true" signature="tearDown()[pri:0, instance:com.ict.testcases.Trainer_TC@4b2bac3f]" started-at="2023-10-07T19:33:19 IST" name="tearDown" finished-at="2023-10-07T19:33:19 IST" duration-ms="187" status="PASS">
          <reporter-output>
          </reporter-output>
        </test-method> <!-- tearDown -->
        <test-method is-config="true" signature="initialization()[pri:0, instance:com.ict.testcases.Trainer_TC@4b2bac3f]" started-at="2023-10-07T19:33:19 IST" name="initialization" finished-at="2023-10-07T19:33:22 IST" duration-ms="3358" status="PASS">
          <reporter-output>
          </reporter-output>
        </test-method> <!-- initialization -->
        <test-method is-config="true" signature="tearUp()[pri:0, instance:com.ict.testcases.Trainer_TC@4b2bac3f]" started-at="2023-10-07T19:33:22 IST" name="tearUp" finished-at="2023-10-07T19:33:23 IST" duration-ms="248" status="PASS">
          <reporter-output>
          </reporter-output>
        </test-method> <!-- tearUp -->
        <test-method signature="cancel_file_upld()[pri:7, instance:com.ict.testcases.Trainer_TC@4b2bac3f]" started-at="2023-10-07T19:33:23 IST" name="cancel_file_upld" finished-at="2023-10-07T19:33:26 IST" duration-ms="3606" status="PASS">
          <reporter-output>
          </reporter-output>
        </test-method> <!-- cancel_file_upld -->
        <test-method is-config="true" signature="tearDown()[pri:0, instance:com.ict.testcases.Trainer_TC@4b2bac3f]" started-at="2023-10-07T19:33:26 IST" name="tearDown" finished-at="2023-10-07T19:33:26 IST" duration-ms="152" status="PASS">
          <reporter-output>
          </reporter-output>
        </test-method> <!-- tearDown -->
        <test-method is-config="true" signature="initialization()[pri:0, instance:com.ict.testcases.Trainer_TC@4b2bac3f]" started-at="2023-10-07T19:33:26 IST" name="initialization" finished-at="2023-10-07T19:33:30 IST" duration-ms="3445" status="PASS">
          <reporter-output>
          </reporter-output>
        </test-method> <!-- initialization -->
        <test-method is-config="true" signature="tearUp()[pri:0, instance:com.ict.testcases.Trainer_TC@4b2bac3f]" started-at="2023-10-07T19:33:30 IST" name="tearUp" finished-at="2023-10-07T19:33:30 IST" duration-ms="276" status="PASS">
          <reporter-output>
          </reporter-output>
        </test-method> <!-- tearUp -->
        <test-method signature="dwnload_csv()[pri:8, instance:com.ict.testcases.Trainer_TC@4b2bac3f]" started-at="2023-10-07T19:33:30 IST" name="dwnload_csv" finished-at="2023-10-07T19:33:34 IST" duration-ms="3577" status="PASS">
          <reporter-output>
          </reporter-output>
        </test-method> <!-- dwnload_csv -->
        <test-method is-config="true" signature="tearDown()[pri:0, instance:com.ict.testcases.Trainer_TC@4b2bac3f]" started-at="2023-10-07T19:33:34 IST" name="tearDown" finished-at="2023-10-07T19:33:34 IST" duration-ms="161" status="PASS">
          <reporter-output>
          </reporter-output>
        </test-method> <!-- tearDown -->
        <test-method is-config="true" signature="initialization()[pri:0, instance:com.ict.testcases.Trainer_TC@4b2bac3f]" started-at="2023-10-07T19:33:34 IST" name="initialization" finished-at="2023-10-07T19:33:37 IST" duration-ms="3353" status="PASS">
          <reporter-output>
          </reporter-output>
        </test-method> <!-- initialization -->
        <test-method is-config="true" signature="tearUp()[pri:0, instance:com.ict.testcases.Trainer_TC@4b2bac3f]" started-at="2023-10-07T19:33:37 IST" name="tearUp" finished-at="2023-10-07T19:33:37 IST" duration-ms="243" status="PASS">
          <reporter-output>
          </reporter-output>
        </test-method> <!-- tearUp -->
        <test-method signature="edit_lrnr_crs()[pri:9, instance:com.ict.testcases.Trainer_TC@4b2bac3f]" started-at="2023-10-07T19:33:37 IST" name="edit_lrnr_crs" finished-at="2023-10-07T19:33:43 IST" duration-ms="5470" status="PASS">
          <reporter-output>
          </reporter-output>
        </test-method> <!-- edit_lrnr_crs -->
        <test-method is-config="true" signature="tearDown()[pri:0, instance:com.ict.testcases.Trainer_TC@4b2bac3f]" started-at="2023-10-07T19:33:43 IST" name="tearDown" finished-at="2023-10-07T19:33:43 IST" duration-ms="152" status="PASS">
          <reporter-output>
          </reporter-output>
        </test-method> <!-- tearDown -->
        <test-method is-config="true" signature="initialization()[pri:0, instance:com.ict.testcases.Trainer_TC@4b2bac3f]" started-at="2023-10-07T19:33:43 IST" name="initialization" finished-at="2023-10-07T19:33:47 IST" duration-ms="3460" status="PASS">
          <reporter-output>
          </reporter-output>
        </test-method> <!-- initialization -->
        <test-method is-config="true" signature="tearUp()[pri:0, instance:com.ict.testcases.Trainer_TC@4b2bac3f]" started-at="2023-10-07T19:33:47 IST" name="tearUp" finished-at="2023-10-07T19:33:47 IST" duration-ms="245" status="PASS">
          <reporter-output>
          </reporter-output>
        </test-method> <!-- tearUp -->
        <test-method signature="edit_lrnr_proj()[pri:10, instance:com.ict.testcases.Trainer_TC@4b2bac3f]" started-at="2023-10-07T19:33:47 IST" name="edit_lrnr_proj" finished-at="2023-10-07T19:33:52 IST" duration-ms="5026" status="PASS">
          <reporter-output>
          </reporter-output>
        </test-method> <!-- edit_lrnr_proj -->
        <test-method is-config="true" signature="tearDown()[pri:0, instance:com.ict.testcases.Trainer_TC@4b2bac3f]" started-at="2023-10-07T19:33:52 IST" name="tearDown" finished-at="2023-10-07T19:33:52 IST" duration-ms="183" status="PASS">
          <reporter-output>
          </reporter-output>
        </test-method> <!-- tearDown -->
        <test-method is-config="true" signature="initialization()[pri:0, instance:com.ict.testcases.Trainer_TC@4b2bac3f]" started-at="2023-10-07T19:33:52 IST" name="initialization" finished-at="2023-10-07T19:33:55 IST" duration-ms="3353" status="PASS">
          <reporter-output>
          </reporter-output>
        </test-method> <!-- initialization -->
        <test-method is-config="true" signature="tearUp()[pri:0, instance:com.ict.testcases.Trainer_TC@4b2bac3f]" started-at="2023-10-07T19:33:55 IST" name="tearUp" finished-at="2023-10-07T19:33:56 IST" duration-ms="232" status="PASS">
          <reporter-output>
          </reporter-output>
        </test-method> <!-- tearUp -->
        <test-method signature="delete_learner()[pri:11, instance:com.ict.testcases.Trainer_TC@4b2bac3f]" started-at="2023-10-07T19:33:56 IST" name="delete_learner" finished-at="2023-10-07T19:33:59 IST" duration-ms="3733" status="PASS">
          <reporter-output>
          </reporter-output>
        </test-method> <!-- delete_learner -->
        <test-method is-config="true" signature="tearDown()[pri:0, instance:com.ict.testcases.Trainer_TC@4b2bac3f]" started-at="2023-10-07T19:33:59 IST" name="tearDown" finished-at="2023-10-07T19:33:59 IST" duration-ms="159" status="PASS">
          <reporter-output>
          </reporter-output>
        </test-method> <!-- tearDown -->
        <test-method is-config="true" signature="initialization()[pri:0, instance:com.ict.testcases.Trainer_TC@4b2bac3f]" started-at="2023-10-07T19:33:59 IST" name="initialization" finished-at="2023-10-07T19:34:03 IST" duration-ms="3384" status="PASS">
          <reporter-output>
          </reporter-output>
        </test-method> <!-- initialization -->
        <test-method is-config="true" signature="tearUp()[pri:0, instance:com.ict.testcases.Trainer_TC@4b2bac3f]" started-at="2023-10-07T19:34:03 IST" name="tearUp" finished-at="2023-10-07T19:34:03 IST" duration-ms="219" status="PASS">
          <reporter-output>
          </reporter-output>
        </test-method> <!-- tearUp -->
        <test-method signature="chk_previous_nav()[pri:12, instance:com.ict.testcases.Trainer_TC@4b2bac3f]" started-at="2023-10-07T19:34:03 IST" name="chk_previous_nav" finished-at="2023-10-07T19:34:06 IST" duration-ms="3241" status="PASS">
          <reporter-output>
          </reporter-output>
        </test-method> <!-- chk_previous_nav -->
        <test-method is-config="true" signature="tearDown()[pri:0, instance:com.ict.testcases.Trainer_TC@4b2bac3f]" started-at="2023-10-07T19:34:06 IST" name="tearDown" finished-at="2023-10-07T19:34:06 IST" duration-ms="177" status="PASS">
          <reporter-output>
          </reporter-output>
        </test-method> <!-- tearDown -->
        <test-method is-config="true" signature="initialization()[pri:0, instance:com.ict.testcases.Trainer_TC@4b2bac3f]" started-at="2023-10-07T19:34:06 IST" name="initialization" finished-at="2023-10-07T19:34:10 IST" duration-ms="3414" status="PASS">
          <reporter-output>
          </reporter-output>
        </test-method> <!-- initialization -->
        <test-method is-config="true" signature="tearUp()[pri:0, instance:com.ict.testcases.Trainer_TC@4b2bac3f]" started-at="2023-10-07T19:34:10 IST" name="tearUp" finished-at="2023-10-07T19:34:10 IST" duration-ms="300" status="PASS">
          <reporter-output>
          </reporter-output>
        </test-method> <!-- tearUp -->
        <test-method signature="logout()[pri:13, instance:com.ict.testcases.Trainer_TC@4b2bac3f]" started-at="2023-10-07T19:34:10 IST" name="logout" finished-at="2023-10-07T19:34:13 IST" duration-ms="2318" status="PASS">
          <reporter-output>
          </reporter-output>
        </test-method> <!-- logout -->
        <test-method is-config="true" signature="tearDown()[pri:0, instance:com.ict.testcases.Trainer_TC@4b2bac3f]" started-at="2023-10-07T19:34:13 IST" name="tearDown" finished-at="2023-10-07T19:34:13 IST" duration-ms="149" status="PASS">
          <reporter-output>
          </reporter-output>
        </test-method> <!-- tearDown -->
      </class> <!-- com.ict.testcases.Trainer_TC -->
      <class name="com.ict.testcases.Admin_DashboardTC">
        <test-method is-config="true" signature="initialization()[pri:0, instance:com.ict.testcases.Admin_DashboardTC@4d1c00d0]" started-at="2023-10-07T19:30:32 IST" name="initialization" finished-at="2023-10-07T19:30:36 IST" duration-ms="3393" status="PASS">
          <reporter-output>
          </reporter-output>
        </test-method> <!-- initialization -->
        <test-method is-config="true" signature="tearUp()[pri:0, instance:com.ict.testcases.Admin_DashboardTC@4d1c00d0]" started-at="2023-10-07T19:30:36 IST" name="tearUp" finished-at="2023-10-07T19:30:36 IST" duration-ms="273" status="PASS">
          <reporter-output>
          </reporter-output>
        </test-method> <!-- tearUp -->
        <test-method signature="display_all_users()[pri:1, instance:com.ict.testcases.Admin_DashboardTC@4d1c00d0]" started-at="2023-10-07T19:30:36 IST" name="display_all_users" finished-at="2023-10-07T19:30:37 IST" duration-ms="1532" status="PASS">
          <reporter-output>
          </reporter-output>
        </test-method> <!-- display_all_users -->
        <test-method is-config="true" signature="tearDown()[pri:0, instance:com.ict.testcases.Admin_DashboardTC@4d1c00d0]" started-at="2023-10-07T19:30:37 IST" name="tearDown" finished-at="2023-10-07T19:30:38 IST" duration-ms="146" status="PASS">
          <reporter-output>
          </reporter-output>
        </test-method> <!-- tearDown -->
        <test-method is-config="true" signature="initialization()[pri:0, instance:com.ict.testcases.Admin_DashboardTC@4d1c00d0]" started-at="2023-10-07T19:30:38 IST" name="initialization" finished-at="2023-10-07T19:30:41 IST" duration-ms="3535" status="PASS">
          <reporter-output>
          </reporter-output>
        </test-method> <!-- initialization -->
        <test-method is-config="true" signature="tearUp()[pri:0, instance:com.ict.testcases.Admin_DashboardTC@4d1c00d0]" started-at="2023-10-07T19:30:41 IST" name="tearUp" finished-at="2023-10-07T19:30:41 IST" duration-ms="262" status="PASS">
          <reporter-output>
          </reporter-output>
        </test-method> <!-- tearUp -->
        <test-method signature="add_new_user()[pri:2, instance:com.ict.testcases.Admin_DashboardTC@4d1c00d0]" started-at="2023-10-07T19:30:41 IST" name="add_new_user" finished-at="2023-10-07T19:30:44 IST" duration-ms="2732" status="PASS">
          <reporter-output>
          </reporter-output>
        </test-method> <!-- add_new_user -->
        <test-method is-config="true" signature="tearDown()[pri:0, instance:com.ict.testcases.Admin_DashboardTC@4d1c00d0]" started-at="2023-10-07T19:30:44 IST" name="tearDown" finished-at="2023-10-07T19:30:44 IST" duration-ms="173" status="PASS">
          <reporter-output>
          </reporter-output>
        </test-method> <!-- tearDown -->
        <test-method is-config="true" signature="initialization()[pri:0, instance:com.ict.testcases.Admin_DashboardTC@4d1c00d0]" started-at="2023-10-07T19:30:44 IST" name="initialization" finished-at="2023-10-07T19:30:49 IST" duration-ms="4405" status="PASS">
          <reporter-output>
          </reporter-output>
        </test-method> <!-- initialization -->
        <test-method is-config="true" signature="tearUp()[pri:0, instance:com.ict.testcases.Admin_DashboardTC@4d1c00d0]" started-at="2023-10-07T19:30:49 IST" name="tearUp" finished-at="2023-10-07T19:30:49 IST" duration-ms="295" status="PASS">
          <reporter-output>
          </reporter-output>
        </test-method> <!-- tearUp -->
        <test-method signature="add_new_user_invalid()[pri:3, instance:com.ict.testcases.Admin_DashboardTC@4d1c00d0]" started-at="2023-10-07T19:30:49 IST" name="add_new_user_invalid" finished-at="2023-10-07T19:30:51 IST" duration-ms="1804" status="PASS">
          <reporter-output>
          </reporter-output>
        </test-method> <!-- add_new_user_invalid -->
        <test-method is-config="true" signature="tearDown()[pri:0, instance:com.ict.testcases.Admin_DashboardTC@4d1c00d0]" started-at="2023-10-07T19:30:51 IST" name="tearDown" finished-at="2023-10-07T19:30:51 IST" duration-ms="181" status="PASS">
          <reporter-output>
          </reporter-output>
        </test-method> <!-- tearDown -->
        <test-method is-config="true" signature="initialization()[pri:0, instance:com.ict.testcases.Admin_DashboardTC@4d1c00d0]" started-at="2023-10-07T19:30:51 IST" name="initialization" finished-at="2023-10-07T19:30:54 IST" duration-ms="3426" status="PASS">
          <reporter-output>
          </reporter-output>
        </test-method> <!-- initialization -->
        <test-method is-config="true" signature="tearUp()[pri:0, instance:com.ict.testcases.Admin_DashboardTC@4d1c00d0]" started-at="2023-10-07T19:30:54 IST" name="tearUp" finished-at="2023-10-07T19:30:55 IST" duration-ms="247" status="PASS">
          <reporter-output>
          </reporter-output>
        </test-method> <!-- tearUp -->
        <test-method signature="edit_user_pwd()[pri:4, instance:com.ict.testcases.Admin_DashboardTC@4d1c00d0]" started-at="2023-10-07T19:30:55 IST" name="edit_user_pwd" finished-at="2023-10-07T19:31:01 IST" duration-ms="6479" status="PASS">
          <reporter-output>
          </reporter-output>
        </test-method> <!-- edit_user_pwd -->
        <test-method is-config="true" signature="tearDown()[pri:0, instance:com.ict.testcases.Admin_DashboardTC@4d1c00d0]" started-at="2023-10-07T19:31:01 IST" name="tearDown" finished-at="2023-10-07T19:31:01 IST" duration-ms="162" status="PASS">
          <reporter-output>
          </reporter-output>
        </test-method> <!-- tearDown -->
        <test-method is-config="true" signature="initialization()[pri:0, instance:com.ict.testcases.Admin_DashboardTC@4d1c00d0]" started-at="2023-10-07T19:31:01 IST" name="initialization" finished-at="2023-10-07T19:31:05 IST" duration-ms="3893" status="PASS">
          <reporter-output>
          </reporter-output>
        </test-method> <!-- initialization -->
        <test-method is-config="true" signature="tearUp()[pri:0, instance:com.ict.testcases.Admin_DashboardTC@4d1c00d0]" started-at="2023-10-07T19:31:05 IST" name="tearUp" finished-at="2023-10-07T19:31:05 IST" duration-ms="227" status="PASS">
          <reporter-output>
          </reporter-output>
        </test-method> <!-- tearUp -->
        <test-method signature="logout()[pri:5, instance:com.ict.testcases.Admin_DashboardTC@4d1c00d0]" started-at="2023-10-07T19:31:05 IST" name="logout" finished-at="2023-10-07T19:31:08 IST" duration-ms="2400" status="PASS">
          <reporter-output>
          </reporter-output>
        </test-method> <!-- logout -->
        <test-method is-config="true" signature="tearDown()[pri:0, instance:com.ict.testcases.Admin_DashboardTC@4d1c00d0]" started-at="2023-10-07T19:31:08 IST" name="tearDown" finished-at="2023-10-07T19:31:08 IST" duration-ms="156" status="PASS">
          <reporter-output>
          </reporter-output>
        </test-method> <!-- tearDown -->
        <test-method is-config="true" signature="initialization()[pri:0, instance:com.ict.testcases.Admin_DashboardTC@4d1c00d0]" started-at="2023-10-07T19:31:08 IST" name="initialization" finished-at="2023-10-07T19:31:11 IST" duration-ms="3394" status="PASS">
          <reporter-output>
          </reporter-output>
        </test-method> <!-- initialization -->
        <test-method is-config="true" signature="tearUp()[pri:0, instance:com.ict.testcases.Admin_DashboardTC@4d1c00d0]" started-at="2023-10-07T19:31:11 IST" name="tearUp" finished-at="2023-10-07T19:31:12 IST" duration-ms="255" status="PASS">
          <reporter-output>
          </reporter-output>
        </test-method> <!-- tearUp -->
        <test-method signature="delete_user()[pri:6, instance:com.ict.testcases.Admin_DashboardTC@4d1c00d0]" started-at="2023-10-07T19:31:12 IST" name="delete_user" finished-at="2023-10-07T19:31:15 IST" duration-ms="3770" status="PASS">
          <reporter-output>
          </reporter-output>
        </test-method> <!-- delete_user -->
        <test-method is-config="true" signature="tearDown()[pri:0, instance:com.ict.testcases.Admin_DashboardTC@4d1c00d0]" started-at="2023-10-07T19:31:15 IST" name="tearDown" finished-at="2023-10-07T19:31:16 IST" duration-ms="137" status="PASS">
          <reporter-output>
          </reporter-output>
        </test-method> <!-- tearDown -->
        <test-method is-config="true" signature="initialization()[pri:0, instance:com.ict.testcases.Admin_DashboardTC@4d1c00d0]" started-at="2023-10-07T19:31:16 IST" name="initialization" finished-at="2023-10-07T19:31:41 IST" duration-ms="25524" status="PASS">
          <reporter-output>
          </reporter-output>
        </test-method> <!-- initialization -->
        <test-method is-config="true" signature="tearUp()[pri:0, instance:com.ict.testcases.Admin_DashboardTC@4d1c00d0]" started-at="2023-10-07T19:31:41 IST" name="tearUp" finished-at="2023-10-07T19:31:41 IST" duration-ms="270" status="PASS">
          <reporter-output>
          </reporter-output>
        </test-method> <!-- tearUp -->
        <test-method signature="disp_learners()[pri:7, instance:com.ict.testcases.Admin_DashboardTC@4d1c00d0]" started-at="2023-10-07T19:31:41 IST" name="disp_learners" finished-at="2023-10-07T19:31:44 IST" duration-ms="2217" status="PASS">
          <reporter-output>
          </reporter-output>
        </test-method> <!-- disp_learners -->
        <test-method is-config="true" signature="tearDown()[pri:0, instance:com.ict.testcases.Admin_DashboardTC@4d1c00d0]" started-at="2023-10-07T19:31:44 IST" name="tearDown" finished-at="2023-10-07T19:31:44 IST" duration-ms="160" status="PASS">
          <reporter-output>
          </reporter-output>
        </test-method> <!-- tearDown -->
        <test-method is-config="true" signature="initialization()[pri:0, instance:com.ict.testcases.Admin_DashboardTC@4d1c00d0]" started-at="2023-10-07T19:31:44 IST" name="initialization" finished-at="2023-10-07T19:31:47 IST" duration-ms="3376" status="PASS">
          <reporter-output>
          </reporter-output>
        </test-method> <!-- initialization -->
        <test-method is-config="true" signature="tearUp()[pri:0, instance:com.ict.testcases.Admin_DashboardTC@4d1c00d0]" started-at="2023-10-07T19:31:47 IST" name="tearUp" finished-at="2023-10-07T19:31:47 IST" duration-ms="229" status="PASS">
          <reporter-output>
          </reporter-output>
        </test-method> <!-- tearUp -->
        <test-method signature="add_learner()[pri:8, instance:com.ict.testcases.Admin_DashboardTC@4d1c00d0]" started-at="2023-10-07T19:31:47 IST" name="add_learner" finished-at="2023-10-07T19:31:50 IST" duration-ms="2439" status="PASS">
          <reporter-output>
          </reporter-output>
        </test-method> <!-- add_learner -->
        <test-method is-config="true" signature="tearDown()[pri:0, instance:com.ict.testcases.Admin_DashboardTC@4d1c00d0]" started-at="2023-10-07T19:31:50 IST" name="tearDown" finished-at="2023-10-07T19:31:50 IST" duration-ms="151" status="PASS">
          <reporter-output>
          </reporter-output>
        </test-method> <!-- tearDown -->
        <test-method is-config="true" signature="initialization()[pri:0, instance:com.ict.testcases.Admin_DashboardTC@4d1c00d0]" started-at="2023-10-07T19:31:50 IST" name="initialization" finished-at="2023-10-07T19:31:53 IST" duration-ms="3457" status="PASS">
          <reporter-output>
          </reporter-output>
        </test-method> <!-- initialization -->
        <test-method is-config="true" signature="tearUp()[pri:0, instance:com.ict.testcases.Admin_DashboardTC@4d1c00d0]" started-at="2023-10-07T19:31:53 IST" name="tearUp" finished-at="2023-10-07T19:31:54 IST" duration-ms="309" status="PASS">
          <reporter-output>
          </reporter-output>
        </test-method> <!-- tearUp -->
        <test-method signature="add_new_lrnr()[pri:9, instance:com.ict.testcases.Admin_DashboardTC@4d1c00d0]" started-at="2023-10-07T19:31:54 IST" name="add_new_lrnr" finished-at="2023-10-07T19:31:55 IST" duration-ms="1063" status="PASS">
          <reporter-output>
          </reporter-output>
        </test-method> <!-- add_new_lrnr -->
        <test-method is-config="true" signature="tearDown()[pri:0, instance:com.ict.testcases.Admin_DashboardTC@4d1c00d0]" started-at="2023-10-07T19:31:55 IST" name="tearDown" finished-at="2023-10-07T19:31:55 IST" duration-ms="149" status="PASS">
          <reporter-output>
          </reporter-output>
        </test-method> <!-- tearDown -->
        <test-method is-config="true" signature="initialization()[pri:0, instance:com.ict.testcases.Admin_DashboardTC@4d1c00d0]" started-at="2023-10-07T19:31:55 IST" name="initialization" finished-at="2023-10-07T19:31:58 IST" duration-ms="3456" status="PASS">
          <reporter-output>
          </reporter-output>
        </test-method> <!-- initialization -->
        <test-method is-config="true" signature="tearUp()[pri:0, instance:com.ict.testcases.Admin_DashboardTC@4d1c00d0]" started-at="2023-10-07T19:31:58 IST" name="tearUp" finished-at="2023-10-07T19:31:59 IST" duration-ms="294" status="PASS">
          <reporter-output>
          </reporter-output>
        </test-method> <!-- tearUp -->
        <test-method signature="csv_file_upload()[pri:10, instance:com.ict.testcases.Admin_DashboardTC@4d1c00d0]" started-at="2023-10-07T19:31:59 IST" name="csv_file_upload" finished-at="2023-10-07T19:32:00 IST" duration-ms="1273" status="PASS">
          <reporter-output>
          </reporter-output>
        </test-method> <!-- csv_file_upload -->
        <test-method is-config="true" signature="tearDown()[pri:0, instance:com.ict.testcases.Admin_DashboardTC@4d1c00d0]" started-at="2023-10-07T19:32:00 IST" name="tearDown" finished-at="2023-10-07T19:32:00 IST" duration-ms="170" status="PASS">
          <reporter-output>
          </reporter-output>
        </test-method> <!-- tearDown -->
        <test-method is-config="true" signature="initialization()[pri:0, instance:com.ict.testcases.Admin_DashboardTC@4d1c00d0]" started-at="2023-10-07T19:32:00 IST" name="initialization" finished-at="2023-10-07T19:32:03 IST" duration-ms="3396" status="PASS">
          <reporter-output>
          </reporter-output>
        </test-method> <!-- initialization -->
        <test-method is-config="true" signature="tearUp()[pri:0, instance:com.ict.testcases.Admin_DashboardTC@4d1c00d0]" started-at="2023-10-07T19:32:03 IST" name="tearUp" finished-at="2023-10-07T19:32:04 IST" duration-ms="263" status="PASS">
          <reporter-output>
          </reporter-output>
        </test-method> <!-- tearUp -->
        <test-method signature="choose_csv()[pri:11, instance:com.ict.testcases.Admin_DashboardTC@4d1c00d0]" started-at="2023-10-07T19:32:04 IST" name="choose_csv" finished-at="2023-10-07T19:32:06 IST" duration-ms="2734" status="PASS">
          <reporter-output>
          </reporter-output>
        </test-method> <!-- choose_csv -->
        <test-method is-config="true" signature="tearDown()[pri:0, instance:com.ict.testcases.Admin_DashboardTC@4d1c00d0]" started-at="2023-10-07T19:32:06 IST" name="tearDown" finished-at="2023-10-07T19:32:07 IST" duration-ms="157" status="PASS">
          <reporter-output>
          </reporter-output>
        </test-method> <!-- tearDown -->
        <test-method is-config="true" signature="initialization()[pri:0, instance:com.ict.testcases.Admin_DashboardTC@4d1c00d0]" started-at="2023-10-07T19:32:07 IST" name="initialization" finished-at="2023-10-07T19:32:10 IST" duration-ms="3462" status="PASS">
          <reporter-output>
          </reporter-output>
        </test-method> <!-- initialization -->
        <test-method is-config="true" signature="tearUp()[pri:0, instance:com.ict.testcases.Admin_DashboardTC@4d1c00d0]" started-at="2023-10-07T19:32:10 IST" name="tearUp" finished-at="2023-10-07T19:32:10 IST" duration-ms="237" status="PASS">
          <reporter-output>
          </reporter-output>
        </test-method> <!-- tearUp -->
        <test-method signature="edit_lrnr_project()[pri:12, instance:com.ict.testcases.Admin_DashboardTC@4d1c00d0]" started-at="2023-10-07T19:32:10 IST" name="edit_lrnr_project" finished-at="2023-10-07T19:32:16 IST" duration-ms="5420" status="PASS">
          <reporter-output>
          </reporter-output>
        </test-method> <!-- edit_lrnr_project -->
        <test-method is-config="true" signature="tearDown()[pri:0, instance:com.ict.testcases.Admin_DashboardTC@4d1c00d0]" started-at="2023-10-07T19:32:16 IST" name="tearDown" finished-at="2023-10-07T19:32:16 IST" duration-ms="157" status="PASS">
          <reporter-output>
          </reporter-output>
        </test-method> <!-- tearDown -->
        <test-method is-config="true" signature="initialization()[pri:0, instance:com.ict.testcases.Admin_DashboardTC@4d1c00d0]" started-at="2023-10-07T19:32:16 IST" name="initialization" finished-at="2023-10-07T19:32:19 IST" duration-ms="3389" status="PASS">
          <reporter-output>
          </reporter-output>
        </test-method> <!-- initialization -->
        <test-method is-config="true" signature="tearUp()[pri:0, instance:com.ict.testcases.Admin_DashboardTC@4d1c00d0]" started-at="2023-10-07T19:32:19 IST" name="tearUp" finished-at="2023-10-07T19:32:20 IST" duration-ms="247" status="PASS">
          <reporter-output>
          </reporter-output>
        </test-method> <!-- tearUp -->
        <test-method signature="delete_learner()[pri:13, instance:com.ict.testcases.Admin_DashboardTC@4d1c00d0]" started-at="2023-10-07T19:32:20 IST" name="delete_learner" finished-at="2023-10-07T19:32:24 IST" duration-ms="4020" status="PASS">
          <reporter-output>
          </reporter-output>
        </test-method> <!-- delete_learner -->
        <test-method is-config="true" signature="tearDown()[pri:0, instance:com.ict.testcases.Admin_DashboardTC@4d1c00d0]" started-at="2023-10-07T19:32:24 IST" name="tearDown" finished-at="2023-10-07T19:32:24 IST" duration-ms="209" status="PASS">
          <reporter-output>
          </reporter-output>
        </test-method> <!-- tearDown -->
        <test-method is-config="true" signature="initialization()[pri:0, instance:com.ict.testcases.Admin_DashboardTC@4d1c00d0]" started-at="2023-10-07T19:32:24 IST" name="initialization" finished-at="2023-10-07T19:32:27 IST" duration-ms="3407" status="PASS">
          <reporter-output>
          </reporter-output>
        </test-method> <!-- initialization -->
        <test-method is-config="true" signature="tearUp()[pri:0, instance:com.ict.testcases.Admin_DashboardTC@4d1c00d0]" started-at="2023-10-07T19:32:27 IST" name="tearUp" finished-at="2023-10-07T19:32:27 IST" duration-ms="232" status="PASS">
          <reporter-output>
          </reporter-output>
        </test-method> <!-- tearUp -->
        <test-method signature="check_LnrPrevious_btn()[pri:14, instance:com.ict.testcases.Admin_DashboardTC@4d1c00d0]" started-at="2023-10-07T19:32:27 IST" name="check_LnrPrevious_btn" finished-at="2023-10-07T19:32:31 IST" duration-ms="3945" status="PASS">
          <reporter-output>
          </reporter-output>
        </test-method> <!-- check_LnrPrevious_btn -->
        <test-method is-config="true" signature="tearDown()[pri:0, instance:com.ict.testcases.Admin_DashboardTC@4d1c00d0]" started-at="2023-10-07T19:32:31 IST" name="tearDown" finished-at="2023-10-07T19:32:32 IST" duration-ms="197" status="PASS">
          <reporter-output>
          </reporter-output>
        </test-method> <!-- tearDown -->
        <test-method is-config="true" signature="initialization()[pri:0, instance:com.ict.testcases.Admin_DashboardTC@4d1c00d0]" started-at="2023-10-07T19:32:32 IST" name="initialization" finished-at="2023-10-07T19:32:35 IST" duration-ms="3453" status="PASS">
          <reporter-output>
          </reporter-output>
        </test-method> <!-- initialization -->
        <test-method is-config="true" signature="tearUp()[pri:0, instance:com.ict.testcases.Admin_DashboardTC@4d1c00d0]" started-at="2023-10-07T19:32:35 IST" name="tearUp" finished-at="2023-10-07T19:32:35 IST" duration-ms="219" status="PASS">
          <reporter-output>
          </reporter-output>
        </test-method> <!-- tearUp -->
        <test-method signature="show_learners_in_plc()[pri:15, instance:com.ict.testcases.Admin_DashboardTC@4d1c00d0]" started-at="2023-10-07T19:32:35 IST" name="show_learners_in_plc" finished-at="2023-10-07T19:32:37 IST" duration-ms="1835" status="PASS">
          <reporter-output>
          </reporter-output>
        </test-method> <!-- show_learners_in_plc -->
        <test-method is-config="true" signature="tearDown()[pri:0, instance:com.ict.testcases.Admin_DashboardTC@4d1c00d0]" started-at="2023-10-07T19:32:37 IST" name="tearDown" finished-at="2023-10-07T19:32:37 IST" duration-ms="142" status="PASS">
          <reporter-output>
          </reporter-output>
        </test-method> <!-- tearDown -->
        <test-method is-config="true" signature="initialization()[pri:0, instance:com.ict.testcases.Admin_DashboardTC@4d1c00d0]" started-at="2023-10-07T19:32:37 IST" name="initialization" finished-at="2023-10-07T19:32:41 IST" duration-ms="3352" status="PASS">
          <reporter-output>
          </reporter-output>
        </test-method> <!-- initialization -->
        <test-method is-config="true" signature="tearUp()[pri:0, instance:com.ict.testcases.Admin_DashboardTC@4d1c00d0]" started-at="2023-10-07T19:32:41 IST" name="tearUp" finished-at="2023-10-07T19:32:41 IST" duration-ms="262" status="PASS">
          <reporter-output>
          </reporter-output>
        </test-method> <!-- tearUp -->
        <test-method signature="edit_lrnrpstatus_in_plc()[pri:16, instance:com.ict.testcases.Admin_DashboardTC@4d1c00d0]" started-at="2023-10-07T19:32:41 IST" name="edit_lrnrpstatus_in_plc" finished-at="2023-10-07T19:32:45 IST" duration-ms="4663" status="PASS">
          <reporter-output>
          </reporter-output>
        </test-method> <!-- edit_lrnrpstatus_in_plc -->
        <test-method is-config="true" signature="tearDown()[pri:0, instance:com.ict.testcases.Admin_DashboardTC@4d1c00d0]" started-at="2023-10-07T19:32:45 IST" name="tearDown" finished-at="2023-10-07T19:32:46 IST" duration-ms="167" status="PASS">
          <reporter-output>
          </reporter-output>
        </test-method> <!-- tearDown -->
      </class> <!-- com.ict.testcases.Admin_DashboardTC -->
    </test> <!-- Test -->
  </suite> <!-- Suite -->
</testng-results>
